The system is: Darwin - 17.4.0 - x86_64
Compiling the C compiler identification source file "CMakeCCompilerId.c" succeeded.
Compiler: /usr/local/bin/gcc-7 
Build flags: 
Id flags:  

The output was:
0


Compilation of the C compiler identification source "CMakeCCompilerId.c" produced "a.out"

The C compiler identification is GNU, found in "/Users/hongxiangqiu/Dropbox (Qiu & Wu)/Harvard/cs205/CS205-project/DeepFlow_parallel/cmake-build-debug/CMakeFiles/3.10.2/CompilerIdC/a.out"

Compiling the CXX compiler identification source file "CMakeCXXCompilerId.cpp" succeeded.
Compiler: /usr/local/bin/g++-7 
Build flags: 
Id flags:  

The output was:
0


Compilation of the CXX compiler identification source "CMakeCXXCompilerId.cpp" produced "a.out"

The CXX compiler identification is GNU, found in "/Users/hongxiangqiu/Dropbox (Qiu & Wu)/Harvard/cs205/CS205-project/DeepFlow_parallel/cmake-build-debug/CMakeFiles/3.10.2/CompilerIdCXX/a.out"

Determining if the C compiler works passed with the following output:
Change Dir: /Users/hongxiangqiu/Dropbox (Qiu & Wu)/Harvard/cs205/CS205-project/DeepFlow_parallel/cmake-build-debug/CMakeFiles/CMakeTmp

Run Build Command:"/usr/bin/make" "cmTC_32ad6/fast"
/Applications/Xcode.app/Contents/Developer/usr/bin/make -f CMakeFiles/cmTC_32ad6.dir/build.make CMakeFiles/cmTC_32ad6.dir/build
Building C object CMakeFiles/cmTC_32ad6.dir/testCCompiler.c.o
/usr/local/bin/gcc-7   -isysroot /Applications/Xcode.app/Contents/Developer/Platforms/MacOSX.platform/Developer/SDKs/MacOSX10.13.sdk   -o CMakeFiles/cmTC_32ad6.dir/testCCompiler.c.o   -c "/Users/hongxiangqiu/Dropbox (Qiu & Wu)/Harvard/cs205/CS205-project/DeepFlow_parallel/cmake-build-debug/CMakeFiles/CMakeTmp/testCCompiler.c"
Linking C executable cmTC_32ad6
"/Users/hongxiangqiu/Library/Application Support/JetBrains/Toolbox/apps/CLion/ch-0/181.4203.549/CLion.app/Contents/bin/cmake/bin/cmake" -E cmake_link_script CMakeFiles/cmTC_32ad6.dir/link.txt --verbose=1
/usr/local/bin/gcc-7   -isysroot /Applications/Xcode.app/Contents/Developer/Platforms/MacOSX.platform/Developer/SDKs/MacOSX10.13.sdk -Wl,-search_paths_first -Wl,-headerpad_max_install_names   CMakeFiles/cmTC_32ad6.dir/testCCompiler.c.o  -o cmTC_32ad6 


Detecting C compiler ABI info compiled with the following output:
Change Dir: /Users/hongxiangqiu/Dropbox (Qiu & Wu)/Harvard/cs205/CS205-project/DeepFlow_parallel/cmake-build-debug/CMakeFiles/CMakeTmp

Run Build Command:"/usr/bin/make" "cmTC_2ba6d/fast"
/Applications/Xcode.app/Contents/Developer/usr/bin/make -f CMakeFiles/cmTC_2ba6d.dir/build.make CMakeFiles/cmTC_2ba6d.dir/build
Building C object CMakeFiles/cmTC_2ba6d.dir/CMakeCCompilerABI.c.o
/usr/local/bin/gcc-7   -isysroot /Applications/Xcode.app/Contents/Developer/Platforms/MacOSX.platform/Developer/SDKs/MacOSX10.13.sdk   -o CMakeFiles/cmTC_2ba6d.dir/CMakeCCompilerABI.c.o   -c "/Users/hongxiangqiu/Library/Application Support/JetBrains/Toolbox/apps/CLion/ch-0/181.4203.549/CLion.app/Contents/bin/cmake/share/cmake-3.10/Modules/CMakeCCompilerABI.c"
Linking C executable cmTC_2ba6d
"/Users/hongxiangqiu/Library/Application Support/JetBrains/Toolbox/apps/CLion/ch-0/181.4203.549/CLion.app/Contents/bin/cmake/bin/cmake" -E cmake_link_script CMakeFiles/cmTC_2ba6d.dir/link.txt --verbose=1
/usr/local/bin/gcc-7   -isysroot /Applications/Xcode.app/Contents/Developer/Platforms/MacOSX.platform/Developer/SDKs/MacOSX10.13.sdk -Wl,-search_paths_first -Wl,-headerpad_max_install_names  -v -Wl,-v CMakeFiles/cmTC_2ba6d.dir/CMakeCCompilerABI.c.o  -o cmTC_2ba6d 
Using built-in specs.
COLLECT_GCC=/usr/local/bin/gcc-7
COLLECT_LTO_WRAPPER=/usr/local/Cellar/gcc/7.3.0/libexec/gcc/x86_64-apple-darwin17.4.0/7.3.0/lto-wrapper
Target: x86_64-apple-darwin17.4.0
Configured with: ../configure --build=x86_64-apple-darwin17.4.0 --prefix=/usr/local/Cellar/gcc/7.3.0 --libdir=/usr/local/Cellar/gcc/7.3.0/lib/gcc/7 --enable-languages=c,c++,objc,obj-c++,fortran --program-suffix=-7 --with-gmp=/usr/local/opt/gmp --with-mpfr=/usr/local/opt/mpfr --with-mpc=/usr/local/opt/libmpc --with-isl=/usr/local/opt/isl --with-system-zlib --enable-checking=release --with-pkgversion='Homebrew GCC 7.3.0' --with-bugurl=https://github.com/Homebrew/homebrew-core/issues --disable-nls --with-native-system-header-dir=/usr/include --with-sysroot=/Applications/Xcode.app/Contents/Developer/Platforms/MacOSX.platform/Developer/SDKs/MacOSX10.13.sdk
Thread model: posix
gcc version 7.3.0 (Homebrew GCC 7.3.0) 
COMPILER_PATH=/usr/local/Cellar/gcc/7.3.0/libexec/gcc/x86_64-apple-darwin17.4.0/7.3.0/:/usr/local/Cellar/gcc/7.3.0/libexec/gcc/x86_64-apple-darwin17.4.0/7.3.0/:/usr/local/Cellar/gcc/7.3.0/libexec/gcc/x86_64-apple-darwin17.4.0/:/usr/local/Cellar/gcc/7.3.0/lib/gcc/7/gcc/x86_64-apple-darwin17.4.0/7.3.0/:/usr/local/Cellar/gcc/7.3.0/lib/gcc/7/gcc/x86_64-apple-darwin17.4.0/
LIBRARY_PATH=/usr/local/Cellar/gcc/7.3.0/lib/gcc/7/gcc/x86_64-apple-darwin17.4.0/7.3.0/:/usr/local/Cellar/gcc/7.3.0/lib/gcc/7/gcc/x86_64-apple-darwin17.4.0/7.3.0/../../../
COLLECT_GCC_OPTIONS='-isysroot' '/Applications/Xcode.app/Contents/Developer/Platforms/MacOSX.platform/Developer/SDKs/MacOSX10.13.sdk' '-v' '-o' 'cmTC_2ba6d' '-mmacosx-version-min=10.13.4' '-asm_macosx_version_min=10.13' '-mtune=core2'
 /usr/local/Cellar/gcc/7.3.0/libexec/gcc/x86_64-apple-darwin17.4.0/7.3.0/collect2 -dynamic -arch x86_64 -macosx_version_min 10.13.4 -syslibroot /Applications/Xcode.app/Contents/Developer/Platforms/MacOSX.platform/Developer/SDKs/MacOSX10.13.sdk -weak_reference_mismatches non-weak -o cmTC_2ba6d -L/usr/local/Cellar/gcc/7.3.0/lib/gcc/7/gcc/x86_64-apple-darwin17.4.0/7.3.0 -L/usr/local/Cellar/gcc/7.3.0/lib/gcc/7/gcc/x86_64-apple-darwin17.4.0/7.3.0/../../.. -search_paths_first -headerpad_max_install_names -v CMakeFiles/cmTC_2ba6d.dir/CMakeCCompilerABI.c.o -no_compact_unwind -lSystem -lgcc_ext.10.5 -lgcc -lSystem -v
collect2 version 7.3.0
/usr/bin/ld -dynamic -arch x86_64 -macosx_version_min 10.13.4 -syslibroot /Applications/Xcode.app/Contents/Developer/Platforms/MacOSX.platform/Developer/SDKs/MacOSX10.13.sdk -weak_reference_mismatches non-weak -o cmTC_2ba6d -L/usr/local/Cellar/gcc/7.3.0/lib/gcc/7/gcc/x86_64-apple-darwin17.4.0/7.3.0 -L/usr/local/Cellar/gcc/7.3.0/lib/gcc/7/gcc/x86_64-apple-darwin17.4.0/7.3.0/../../.. -search_paths_first -headerpad_max_install_names -v CMakeFiles/cmTC_2ba6d.dir/CMakeCCompilerABI.c.o -no_compact_unwind -lSystem -lgcc_ext.10.5 -lgcc -lSystem -v
@(#)PROGRAM:ld  PROJECT:ld64-351.8
configured to support archs: armv6 armv7 armv7s arm64 i386 x86_64 x86_64h armv6m armv7k armv7m armv7em (tvOS)
@(#)PROGRAM:ld  PROJECT:ld64-351.8
configured to support archs: armv6 armv7 armv7s arm64 i386 x86_64 x86_64h armv6m armv7k armv7m armv7em (tvOS)
Library search paths:
	/usr/local/Cellar/gcc/7.3.0/lib/gcc/7/gcc/x86_64-apple-darwin17.4.0/7.3.0
	/usr/local/Cellar/gcc/7.3.0/lib/gcc/7
	/Applications/Xcode.app/Contents/Developer/Platforms/MacOSX.platform/Developer/SDKs/MacOSX10.13.sdk/usr/lib
Framework search paths:
	/Applications/Xcode.app/Contents/Developer/Platforms/MacOSX.platform/Developer/SDKs/MacOSX10.13.sdk/System/Library/Frameworks/
 /usr/bin/nm -n CMakeFiles/cmTC_2ba6d.dir/CMakeCCompilerABI.c.o


Parsed C implicit link information from above output:
  link line regex: [^( *|.*[/\])(ld|CMAKE_LINK_STARTFILE-NOTFOUND|([^/\]+-)?ld|collect2)[^/\]*( |$)]
  ignore line: [Change Dir: /Users/hongxiangqiu/Dropbox (Qiu & Wu)/Harvard/cs205/CS205-project/DeepFlow_parallel/cmake-build-debug/CMakeFiles/CMakeTmp]
  ignore line: []
  ignore line: [Run Build Command:"/usr/bin/make" "cmTC_2ba6d/fast"]
  ignore line: [/Applications/Xcode.app/Contents/Developer/usr/bin/make -f CMakeFiles/cmTC_2ba6d.dir/build.make CMakeFiles/cmTC_2ba6d.dir/build]
  ignore line: [Building C object CMakeFiles/cmTC_2ba6d.dir/CMakeCCompilerABI.c.o]
  ignore line: [/usr/local/bin/gcc-7   -isysroot /Applications/Xcode.app/Contents/Developer/Platforms/MacOSX.platform/Developer/SDKs/MacOSX10.13.sdk   -o CMakeFiles/cmTC_2ba6d.dir/CMakeCCompilerABI.c.o   -c "/Users/hongxiangqiu/Library/Application Support/JetBrains/Toolbox/apps/CLion/ch-0/181.4203.549/CLion.app/Contents/bin/cmake/share/cmake-3.10/Modules/CMakeCCompilerABI.c"]
  ignore line: [Linking C executable cmTC_2ba6d]
  ignore line: ["/Users/hongxiangqiu/Library/Application Support/JetBrains/Toolbox/apps/CLion/ch-0/181.4203.549/CLion.app/Contents/bin/cmake/bin/cmake" -E cmake_link_script CMakeFiles/cmTC_2ba6d.dir/link.txt --verbose=1]
  ignore line: [/usr/local/bin/gcc-7   -isysroot /Applications/Xcode.app/Contents/Developer/Platforms/MacOSX.platform/Developer/SDKs/MacOSX10.13.sdk -Wl,-search_paths_first -Wl,-headerpad_max_install_names  -v -Wl,-v CMakeFiles/cmTC_2ba6d.dir/CMakeCCompilerABI.c.o  -o cmTC_2ba6d ]
  ignore line: [Using built-in specs.]
  ignore line: [COLLECT_GCC=/usr/local/bin/gcc-7]
  ignore line: [COLLECT_LTO_WRAPPER=/usr/local/Cellar/gcc/7.3.0/libexec/gcc/x86_64-apple-darwin17.4.0/7.3.0/lto-wrapper]
  ignore line: [Target: x86_64-apple-darwin17.4.0]
  ignore line: [Configured with: ../configure --build=x86_64-apple-darwin17.4.0 --prefix=/usr/local/Cellar/gcc/7.3.0 --libdir=/usr/local/Cellar/gcc/7.3.0/lib/gcc/7 --enable-languages=c,c++,objc,obj-c++,fortran --program-suffix=-7 --with-gmp=/usr/local/opt/gmp --with-mpfr=/usr/local/opt/mpfr --with-mpc=/usr/local/opt/libmpc --with-isl=/usr/local/opt/isl --with-system-zlib --enable-checking=release --with-pkgversion='Homebrew GCC 7.3.0' --with-bugurl=https://github.com/Homebrew/homebrew-core/issues --disable-nls --with-native-system-header-dir=/usr/include --with-sysroot=/Applications/Xcode.app/Contents/Developer/Platforms/MacOSX.platform/Developer/SDKs/MacOSX10.13.sdk]
  ignore line: [Thread model: posix]
  ignore line: [gcc version 7.3.0 (Homebrew GCC 7.3.0) ]
  ignore line: [COMPILER_PATH=/usr/local/Cellar/gcc/7.3.0/libexec/gcc/x86_64-apple-darwin17.4.0/7.3.0/:/usr/local/Cellar/gcc/7.3.0/libexec/gcc/x86_64-apple-darwin17.4.0/7.3.0/:/usr/local/Cellar/gcc/7.3.0/libexec/gcc/x86_64-apple-darwin17.4.0/:/usr/local/Cellar/gcc/7.3.0/lib/gcc/7/gcc/x86_64-apple-darwin17.4.0/7.3.0/:/usr/local/Cellar/gcc/7.3.0/lib/gcc/7/gcc/x86_64-apple-darwin17.4.0/]
  ignore line: [LIBRARY_PATH=/usr/local/Cellar/gcc/7.3.0/lib/gcc/7/gcc/x86_64-apple-darwin17.4.0/7.3.0/:/usr/local/Cellar/gcc/7.3.0/lib/gcc/7/gcc/x86_64-apple-darwin17.4.0/7.3.0/../../../]
  ignore line: [COLLECT_GCC_OPTIONS='-isysroot' '/Applications/Xcode.app/Contents/Developer/Platforms/MacOSX.platform/Developer/SDKs/MacOSX10.13.sdk' '-v' '-o' 'cmTC_2ba6d' '-mmacosx-version-min=10.13.4' '-asm_macosx_version_min=10.13' '-mtune=core2']
  link line: [ /usr/local/Cellar/gcc/7.3.0/libexec/gcc/x86_64-apple-darwin17.4.0/7.3.0/collect2 -dynamic -arch x86_64 -macosx_version_min 10.13.4 -syslibroot /Applications/Xcode.app/Contents/Developer/Platforms/MacOSX.platform/Developer/SDKs/MacOSX10.13.sdk -weak_reference_mismatches non-weak -o cmTC_2ba6d -L/usr/local/Cellar/gcc/7.3.0/lib/gcc/7/gcc/x86_64-apple-darwin17.4.0/7.3.0 -L/usr/local/Cellar/gcc/7.3.0/lib/gcc/7/gcc/x86_64-apple-darwin17.4.0/7.3.0/../../.. -search_paths_first -headerpad_max_install_names -v CMakeFiles/cmTC_2ba6d.dir/CMakeCCompilerABI.c.o -no_compact_unwind -lSystem -lgcc_ext.10.5 -lgcc -lSystem -v]
    arg [/usr/local/Cellar/gcc/7.3.0/libexec/gcc/x86_64-apple-darwin17.4.0/7.3.0/collect2] ==> ignore
    arg [-dynamic] ==> ignore
    arg [-arch] ==> ignore
    arg [x86_64] ==> ignore
    arg [-macosx_version_min] ==> ignore
    arg [10.13.4] ==> ignore
    arg [-syslibroot] ==> ignore
    arg [/Applications/Xcode.app/Contents/Developer/Platforms/MacOSX.platform/Developer/SDKs/MacOSX10.13.sdk] ==> ignore
    arg [-weak_reference_mismatches] ==> ignore
    arg [non-weak] ==> ignore
    arg [-o] ==> ignore
    arg [cmTC_2ba6d] ==> ignore
    arg [-L/usr/local/Cellar/gcc/7.3.0/lib/gcc/7/gcc/x86_64-apple-darwin17.4.0/7.3.0] ==> dir [/usr/local/Cellar/gcc/7.3.0/lib/gcc/7/gcc/x86_64-apple-darwin17.4.0/7.3.0]
    arg [-L/usr/local/Cellar/gcc/7.3.0/lib/gcc/7/gcc/x86_64-apple-darwin17.4.0/7.3.0/../../..] ==> dir [/usr/local/Cellar/gcc/7.3.0/lib/gcc/7/gcc/x86_64-apple-darwin17.4.0/7.3.0/../../..]
    arg [-search_paths_first] ==> ignore
    arg [-headerpad_max_install_names] ==> ignore
    arg [-v] ==> ignore
    arg [CMakeFiles/cmTC_2ba6d.dir/CMakeCCompilerABI.c.o] ==> ignore
    arg [-no_compact_unwind] ==> ignore
    arg [-lSystem] ==> lib [System]
    arg [-lgcc_ext.10.5] ==> lib [gcc_ext.10.5]
    arg [-lgcc] ==> lib [gcc]
    arg [-lSystem] ==> lib [System]
    arg [-v] ==> ignore
  Library search paths: [;/usr/local/Cellar/gcc/7.3.0/lib/gcc/7/gcc/x86_64-apple-darwin17.4.0/7.3.0;/usr/local/Cellar/gcc/7.3.0/lib/gcc/7;/Applications/Xcode.app/Contents/Developer/Platforms/MacOSX.platform/Developer/SDKs/MacOSX10.13.sdk/usr/lib]
  Framework search paths: [;/Applications/Xcode.app/Contents/Developer/Platforms/MacOSX.platform/Developer/SDKs/MacOSX10.13.sdk/System/Library/Frameworks/]
  remove lib [System]
  remove lib [System]
  collapse library dir [/usr/local/Cellar/gcc/7.3.0/lib/gcc/7/gcc/x86_64-apple-darwin17.4.0/7.3.0] ==> [/usr/local/Cellar/gcc/7.3.0/lib/gcc/7/gcc/x86_64-apple-darwin17.4.0/7.3.0]
  collapse library dir [/usr/local/Cellar/gcc/7.3.0/lib/gcc/7/gcc/x86_64-apple-darwin17.4.0/7.3.0/../../..] ==> [/usr/local/Cellar/gcc/7.3.0/lib/gcc/7]
  collapse library dir [/usr/local/Cellar/gcc/7.3.0/lib/gcc/7/gcc/x86_64-apple-darwin17.4.0/7.3.0] ==> [/usr/local/Cellar/gcc/7.3.0/lib/gcc/7/gcc/x86_64-apple-darwin17.4.0/7.3.0]
  collapse library dir [/usr/local/Cellar/gcc/7.3.0/lib/gcc/7] ==> [/usr/local/Cellar/gcc/7.3.0/lib/gcc/7]
  collapse library dir [/Applications/Xcode.app/Contents/Developer/Platforms/MacOSX.platform/Developer/SDKs/MacOSX10.13.sdk/usr/lib] ==> [/Applications/Xcode.app/Contents/Developer/Platforms/MacOSX.platform/Developer/SDKs/MacOSX10.13.sdk/usr/lib]
  collapse framework dir [/Applications/Xcode.app/Contents/Developer/Platforms/MacOSX.platform/Developer/SDKs/MacOSX10.13.sdk/System/Library/Frameworks/] ==> [/Applications/Xcode.app/Contents/Developer/Platforms/MacOSX.platform/Developer/SDKs/MacOSX10.13.sdk/System/Library/Frameworks]
  implicit libs: [gcc_ext.10.5;gcc]
  implicit dirs: [/usr/local/Cellar/gcc/7.3.0/lib/gcc/7/gcc/x86_64-apple-darwin17.4.0/7.3.0;/usr/local/Cellar/gcc/7.3.0/lib/gcc/7;/Applications/Xcode.app/Contents/Developer/Platforms/MacOSX.platform/Developer/SDKs/MacOSX10.13.sdk/usr/lib]
  implicit fwks: [/Applications/Xcode.app/Contents/Developer/Platforms/MacOSX.platform/Developer/SDKs/MacOSX10.13.sdk/System/Library/Frameworks]




Detecting C [-std=c11] compiler features compiled with the following output:
Change Dir: /Users/hongxiangqiu/Dropbox (Qiu & Wu)/Harvard/cs205/CS205-project/DeepFlow_parallel/cmake-build-debug/CMakeFiles/CMakeTmp

Run Build Command:"/usr/bin/make" "cmTC_db2d7/fast"
/Applications/Xcode.app/Contents/Developer/usr/bin/make -f CMakeFiles/cmTC_db2d7.dir/build.make CMakeFiles/cmTC_db2d7.dir/build
Building C object CMakeFiles/cmTC_db2d7.dir/feature_tests.c.o
/usr/local/bin/gcc-7   -isysroot /Applications/Xcode.app/Contents/Developer/Platforms/MacOSX.platform/Developer/SDKs/MacOSX10.13.sdk   -std=c11 -o CMakeFiles/cmTC_db2d7.dir/feature_tests.c.o   -c "/Users/hongxiangqiu/Dropbox (Qiu & Wu)/Harvard/cs205/CS205-project/DeepFlow_parallel/cmake-build-debug/CMakeFiles/feature_tests.c"
Linking C executable cmTC_db2d7
"/Users/hongxiangqiu/Library/Application Support/JetBrains/Toolbox/apps/CLion/ch-0/181.4203.549/CLion.app/Contents/bin/cmake/bin/cmake" -E cmake_link_script CMakeFiles/cmTC_db2d7.dir/link.txt --verbose=1
/usr/local/bin/gcc-7   -isysroot /Applications/Xcode.app/Contents/Developer/Platforms/MacOSX.platform/Developer/SDKs/MacOSX10.13.sdk -Wl,-search_paths_first -Wl,-headerpad_max_install_names   CMakeFiles/cmTC_db2d7.dir/feature_tests.c.o  -o cmTC_db2d7 


    Feature record: C_FEATURE:1c_function_prototypes
    Feature record: C_FEATURE:1c_restrict
    Feature record: C_FEATURE:1c_static_assert
    Feature record: C_FEATURE:1c_variadic_macros


Detecting C [-std=c99] compiler features compiled with the following output:
Change Dir: /Users/hongxiangqiu/Dropbox (Qiu & Wu)/Harvard/cs205/CS205-project/DeepFlow_parallel/cmake-build-debug/CMakeFiles/CMakeTmp

Run Build Command:"/usr/bin/make" "cmTC_a5496/fast"
/Applications/Xcode.app/Contents/Developer/usr/bin/make -f CMakeFiles/cmTC_a5496.dir/build.make CMakeFiles/cmTC_a5496.dir/build
Building C object CMakeFiles/cmTC_a5496.dir/feature_tests.c.o
/usr/local/bin/gcc-7   -isysroot /Applications/Xcode.app/Contents/Developer/Platforms/MacOSX.platform/Developer/SDKs/MacOSX10.13.sdk   -std=c99 -o CMakeFiles/cmTC_a5496.dir/feature_tests.c.o   -c "/Users/hongxiangqiu/Dropbox (Qiu & Wu)/Harvard/cs205/CS205-project/DeepFlow_parallel/cmake-build-debug/CMakeFiles/feature_tests.c"
Linking C executable cmTC_a5496
"/Users/hongxiangqiu/Library/Application Support/JetBrains/Toolbox/apps/CLion/ch-0/181.4203.549/CLion.app/Contents/bin/cmake/bin/cmake" -E cmake_link_script CMakeFiles/cmTC_a5496.dir/link.txt --verbose=1
/usr/local/bin/gcc-7   -isysroot /Applications/Xcode.app/Contents/Developer/Platforms/MacOSX.platform/Developer/SDKs/MacOSX10.13.sdk -Wl,-search_paths_first -Wl,-headerpad_max_install_names   CMakeFiles/cmTC_a5496.dir/feature_tests.c.o  -o cmTC_a5496 


    Feature record: C_FEATURE:1c_function_prototypes
    Feature record: C_FEATURE:1c_restrict
    Feature record: C_FEATURE:0c_static_assert
    Feature record: C_FEATURE:1c_variadic_macros


Detecting C [-std=c90] compiler features compiled with the following output:
Change Dir: /Users/hongxiangqiu/Dropbox (Qiu & Wu)/Harvard/cs205/CS205-project/DeepFlow_parallel/cmake-build-debug/CMakeFiles/CMakeTmp

Run Build Command:"/usr/bin/make" "cmTC_8c058/fast"
/Applications/Xcode.app/Contents/Developer/usr/bin/make -f CMakeFiles/cmTC_8c058.dir/build.make CMakeFiles/cmTC_8c058.dir/build
Building C object CMakeFiles/cmTC_8c058.dir/feature_tests.c.o
/usr/local/bin/gcc-7   -isysroot /Applications/Xcode.app/Contents/Developer/Platforms/MacOSX.platform/Developer/SDKs/MacOSX10.13.sdk   -std=c90 -o CMakeFiles/cmTC_8c058.dir/feature_tests.c.o   -c "/Users/hongxiangqiu/Dropbox (Qiu & Wu)/Harvard/cs205/CS205-project/DeepFlow_parallel/cmake-build-debug/CMakeFiles/feature_tests.c"
Linking C executable cmTC_8c058
"/Users/hongxiangqiu/Library/Application Support/JetBrains/Toolbox/apps/CLion/ch-0/181.4203.549/CLion.app/Contents/bin/cmake/bin/cmake" -E cmake_link_script CMakeFiles/cmTC_8c058.dir/link.txt --verbose=1
/usr/local/bin/gcc-7   -isysroot /Applications/Xcode.app/Contents/Developer/Platforms/MacOSX.platform/Developer/SDKs/MacOSX10.13.sdk -Wl,-search_paths_first -Wl,-headerpad_max_install_names   CMakeFiles/cmTC_8c058.dir/feature_tests.c.o  -o cmTC_8c058 


    Feature record: C_FEATURE:1c_function_prototypes
    Feature record: C_FEATURE:0c_restrict
    Feature record: C_FEATURE:0c_static_assert
    Feature record: C_FEATURE:0c_variadic_macros
Determining if the CXX compiler works passed with the following output:
Change Dir: /Users/hongxiangqiu/Dropbox (Qiu & Wu)/Harvard/cs205/CS205-project/DeepFlow_parallel/cmake-build-debug/CMakeFiles/CMakeTmp

Run Build Command:"/usr/bin/make" "cmTC_c5c79/fast"
/Applications/Xcode.app/Contents/Developer/usr/bin/make -f CMakeFiles/cmTC_c5c79.dir/build.make CMakeFiles/cmTC_c5c79.dir/build
Building CXX object CMakeFiles/cmTC_c5c79.dir/testCXXCompiler.cxx.o
/usr/local/bin/g++-7    -isysroot /Applications/Xcode.app/Contents/Developer/Platforms/MacOSX.platform/Developer/SDKs/MacOSX10.13.sdk   -o CMakeFiles/cmTC_c5c79.dir/testCXXCompiler.cxx.o -c "/Users/hongxiangqiu/Dropbox (Qiu & Wu)/Harvard/cs205/CS205-project/DeepFlow_parallel/cmake-build-debug/CMakeFiles/CMakeTmp/testCXXCompiler.cxx"
Linking CXX executable cmTC_c5c79
"/Users/hongxiangqiu/Library/Application Support/JetBrains/Toolbox/apps/CLion/ch-0/181.4203.549/CLion.app/Contents/bin/cmake/bin/cmake" -E cmake_link_script CMakeFiles/cmTC_c5c79.dir/link.txt --verbose=1
/usr/local/bin/g++-7    -isysroot /Applications/Xcode.app/Contents/Developer/Platforms/MacOSX.platform/Developer/SDKs/MacOSX10.13.sdk -Wl,-search_paths_first -Wl,-headerpad_max_install_names   CMakeFiles/cmTC_c5c79.dir/testCXXCompiler.cxx.o  -o cmTC_c5c79 


Detecting CXX compiler ABI info compiled with the following output:
Change Dir: /Users/hongxiangqiu/Dropbox (Qiu & Wu)/Harvard/cs205/CS205-project/DeepFlow_parallel/cmake-build-debug/CMakeFiles/CMakeTmp

Run Build Command:"/usr/bin/make" "cmTC_c128e/fast"
/Applications/Xcode.app/Contents/Developer/usr/bin/make -f CMakeFiles/cmTC_c128e.dir/build.make CMakeFiles/cmTC_c128e.dir/build
Building CXX object CMakeFiles/cmTC_c128e.dir/CMakeCXXCompilerABI.cpp.o
/usr/local/bin/g++-7    -isysroot /Applications/Xcode.app/Contents/Developer/Platforms/MacOSX.platform/Developer/SDKs/MacOSX10.13.sdk   -o CMakeFiles/cmTC_c128e.dir/CMakeCXXCompilerABI.cpp.o -c "/Users/hongxiangqiu/Library/Application Support/JetBrains/Toolbox/apps/CLion/ch-0/181.4203.549/CLion.app/Contents/bin/cmake/share/cmake-3.10/Modules/CMakeCXXCompilerABI.cpp"
Linking CXX executable cmTC_c128e
"/Users/hongxiangqiu/Library/Application Support/JetBrains/Toolbox/apps/CLion/ch-0/181.4203.549/CLion.app/Contents/bin/cmake/bin/cmake" -E cmake_link_script CMakeFiles/cmTC_c128e.dir/link.txt --verbose=1
/usr/local/bin/g++-7    -isysroot /Applications/Xcode.app/Contents/Developer/Platforms/MacOSX.platform/Developer/SDKs/MacOSX10.13.sdk -Wl,-search_paths_first -Wl,-headerpad_max_install_names  -v -Wl,-v CMakeFiles/cmTC_c128e.dir/CMakeCXXCompilerABI.cpp.o  -o cmTC_c128e 
Using built-in specs.
COLLECT_GCC=/usr/local/bin/g++-7
COLLECT_LTO_WRAPPER=/usr/local/Cellar/gcc/7.3.0/libexec/gcc/x86_64-apple-darwin17.4.0/7.3.0/lto-wrapper
Target: x86_64-apple-darwin17.4.0
Configured with: ../configure --build=x86_64-apple-darwin17.4.0 --prefix=/usr/local/Cellar/gcc/7.3.0 --libdir=/usr/local/Cellar/gcc/7.3.0/lib/gcc/7 --enable-languages=c,c++,objc,obj-c++,fortran --program-suffix=-7 --with-gmp=/usr/local/opt/gmp --with-mpfr=/usr/local/opt/mpfr --with-mpc=/usr/local/opt/libmpc --with-isl=/usr/local/opt/isl --with-system-zlib --enable-checking=release --with-pkgversion='Homebrew GCC 7.3.0' --with-bugurl=https://github.com/Homebrew/homebrew-core/issues --disable-nls --with-native-system-header-dir=/usr/include --with-sysroot=/Applications/Xcode.app/Contents/Developer/Platforms/MacOSX.platform/Developer/SDKs/MacOSX10.13.sdk
Thread model: posix
gcc version 7.3.0 (Homebrew GCC 7.3.0) 
COMPILER_PATH=/usr/local/Cellar/gcc/7.3.0/libexec/gcc/x86_64-apple-darwin17.4.0/7.3.0/:/usr/local/Cellar/gcc/7.3.0/libexec/gcc/x86_64-apple-darwin17.4.0/7.3.0/:/usr/local/Cellar/gcc/7.3.0/libexec/gcc/x86_64-apple-darwin17.4.0/:/usr/local/Cellar/gcc/7.3.0/lib/gcc/7/gcc/x86_64-apple-darwin17.4.0/7.3.0/:/usr/local/Cellar/gcc/7.3.0/lib/gcc/7/gcc/x86_64-apple-darwin17.4.0/
LIBRARY_PATH=/usr/local/Cellar/gcc/7.3.0/lib/gcc/7/gcc/x86_64-apple-darwin17.4.0/7.3.0/:/usr/local/Cellar/gcc/7.3.0/lib/gcc/7/gcc/x86_64-apple-darwin17.4.0/7.3.0/../../../
COLLECT_GCC_OPTIONS='-isysroot' '/Applications/Xcode.app/Contents/Developer/Platforms/MacOSX.platform/Developer/SDKs/MacOSX10.13.sdk' '-v' '-o' 'cmTC_c128e' '-mmacosx-version-min=10.13.4' '-asm_macosx_version_min=10.13' '-shared-libgcc' '-mtune=core2'
 /usr/local/Cellar/gcc/7.3.0/libexec/gcc/x86_64-apple-darwin17.4.0/7.3.0/collect2 -dynamic -arch x86_64 -macosx_version_min 10.13.4 -syslibroot /Applications/Xcode.app/Contents/Developer/Platforms/MacOSX.platform/Developer/SDKs/MacOSX10.13.sdk -weak_reference_mismatches non-weak -o cmTC_c128e -L/usr/local/Cellar/gcc/7.3.0/lib/gcc/7/gcc/x86_64-apple-darwin17.4.0/7.3.0 -L/usr/local/Cellar/gcc/7.3.0/lib/gcc/7/gcc/x86_64-apple-darwin17.4.0/7.3.0/../../.. -search_paths_first -headerpad_max_install_names -v CMakeFiles/cmTC_c128e.dir/CMakeCXXCompilerABI.cpp.o -lstdc++ -no_compact_unwind -lSystem -lgcc_ext.10.5 -lgcc -lSystem -v
collect2 version 7.3.0
/usr/bin/ld -dynamic -arch x86_64 -macosx_version_min 10.13.4 -syslibroot /Applications/Xcode.app/Contents/Developer/Platforms/MacOSX.platform/Developer/SDKs/MacOSX10.13.sdk -weak_reference_mismatches non-weak -o cmTC_c128e -L/usr/local/Cellar/gcc/7.3.0/lib/gcc/7/gcc/x86_64-apple-darwin17.4.0/7.3.0 -L/usr/local/Cellar/gcc/7.3.0/lib/gcc/7/gcc/x86_64-apple-darwin17.4.0/7.3.0/../../.. -search_paths_first -headerpad_max_install_names -v CMakeFiles/cmTC_c128e.dir/CMakeCXXCompilerABI.cpp.o -lstdc++ -no_compact_unwind -lSystem -lgcc_ext.10.5 -lgcc -lSystem -v
@(#)PROGRAM:ld  PROJECT:ld64-351.8
configured to support archs: armv6 armv7 armv7s arm64 i386 x86_64 x86_64h armv6m armv7k armv7m armv7em (tvOS)
@(#)PROGRAM:ld  PROJECT:ld64-351.8
configured to support archs: armv6 armv7 armv7s arm64 i386 x86_64 x86_64h armv6m armv7k armv7m armv7em (tvOS)
Library search paths:
	/usr/local/Cellar/gcc/7.3.0/lib/gcc/7/gcc/x86_64-apple-darwin17.4.0/7.3.0
	/usr/local/Cellar/gcc/7.3.0/lib/gcc/7
	/Applications/Xcode.app/Contents/Developer/Platforms/MacOSX.platform/Developer/SDKs/MacOSX10.13.sdk/usr/lib
Framework search paths:
	/Applications/Xcode.app/Contents/Developer/Platforms/MacOSX.platform/Developer/SDKs/MacOSX10.13.sdk/System/Library/Frameworks/
 /usr/bin/nm -n CMakeFiles/cmTC_c128e.dir/CMakeCXXCompilerABI.cpp.o


Parsed CXX implicit link information from above output:
  link line regex: [^( *|.*[/\])(ld|CMAKE_LINK_STARTFILE-NOTFOUND|([^/\]+-)?ld|collect2)[^/\]*( |$)]
  ignore line: [Change Dir: /Users/hongxiangqiu/Dropbox (Qiu & Wu)/Harvard/cs205/CS205-project/DeepFlow_parallel/cmake-build-debug/CMakeFiles/CMakeTmp]
  ignore line: []
  ignore line: [Run Build Command:"/usr/bin/make" "cmTC_c128e/fast"]
  ignore line: [/Applications/Xcode.app/Contents/Developer/usr/bin/make -f CMakeFiles/cmTC_c128e.dir/build.make CMakeFiles/cmTC_c128e.dir/build]
  ignore line: [Building CXX object CMakeFiles/cmTC_c128e.dir/CMakeCXXCompilerABI.cpp.o]
  ignore line: [/usr/local/bin/g++-7    -isysroot /Applications/Xcode.app/Contents/Developer/Platforms/MacOSX.platform/Developer/SDKs/MacOSX10.13.sdk   -o CMakeFiles/cmTC_c128e.dir/CMakeCXXCompilerABI.cpp.o -c "/Users/hongxiangqiu/Library/Application Support/JetBrains/Toolbox/apps/CLion/ch-0/181.4203.549/CLion.app/Contents/bin/cmake/share/cmake-3.10/Modules/CMakeCXXCompilerABI.cpp"]
  ignore line: [Linking CXX executable cmTC_c128e]
  ignore line: ["/Users/hongxiangqiu/Library/Application Support/JetBrains/Toolbox/apps/CLion/ch-0/181.4203.549/CLion.app/Contents/bin/cmake/bin/cmake" -E cmake_link_script CMakeFiles/cmTC_c128e.dir/link.txt --verbose=1]
  ignore line: [/usr/local/bin/g++-7    -isysroot /Applications/Xcode.app/Contents/Developer/Platforms/MacOSX.platform/Developer/SDKs/MacOSX10.13.sdk -Wl,-search_paths_first -Wl,-headerpad_max_install_names  -v -Wl,-v CMakeFiles/cmTC_c128e.dir/CMakeCXXCompilerABI.cpp.o  -o cmTC_c128e ]
  ignore line: [Using built-in specs.]
  ignore line: [COLLECT_GCC=/usr/local/bin/g++-7]
  ignore line: [COLLECT_LTO_WRAPPER=/usr/local/Cellar/gcc/7.3.0/libexec/gcc/x86_64-apple-darwin17.4.0/7.3.0/lto-wrapper]
  ignore line: [Target: x86_64-apple-darwin17.4.0]
  ignore line: [Configured with: ../configure --build=x86_64-apple-darwin17.4.0 --prefix=/usr/local/Cellar/gcc/7.3.0 --libdir=/usr/local/Cellar/gcc/7.3.0/lib/gcc/7 --enable-languages=c,c++,objc,obj-c++,fortran --program-suffix=-7 --with-gmp=/usr/local/opt/gmp --with-mpfr=/usr/local/opt/mpfr --with-mpc=/usr/local/opt/libmpc --with-isl=/usr/local/opt/isl --with-system-zlib --enable-checking=release --with-pkgversion='Homebrew GCC 7.3.0' --with-bugurl=https://github.com/Homebrew/homebrew-core/issues --disable-nls --with-native-system-header-dir=/usr/include --with-sysroot=/Applications/Xcode.app/Contents/Developer/Platforms/MacOSX.platform/Developer/SDKs/MacOSX10.13.sdk]
  ignore line: [Thread model: posix]
  ignore line: [gcc version 7.3.0 (Homebrew GCC 7.3.0) ]
  ignore line: [COMPILER_PATH=/usr/local/Cellar/gcc/7.3.0/libexec/gcc/x86_64-apple-darwin17.4.0/7.3.0/:/usr/local/Cellar/gcc/7.3.0/libexec/gcc/x86_64-apple-darwin17.4.0/7.3.0/:/usr/local/Cellar/gcc/7.3.0/libexec/gcc/x86_64-apple-darwin17.4.0/:/usr/local/Cellar/gcc/7.3.0/lib/gcc/7/gcc/x86_64-apple-darwin17.4.0/7.3.0/:/usr/local/Cellar/gcc/7.3.0/lib/gcc/7/gcc/x86_64-apple-darwin17.4.0/]
  ignore line: [LIBRARY_PATH=/usr/local/Cellar/gcc/7.3.0/lib/gcc/7/gcc/x86_64-apple-darwin17.4.0/7.3.0/:/usr/local/Cellar/gcc/7.3.0/lib/gcc/7/gcc/x86_64-apple-darwin17.4.0/7.3.0/../../../]
  ignore line: [COLLECT_GCC_OPTIONS='-isysroot' '/Applications/Xcode.app/Contents/Developer/Platforms/MacOSX.platform/Developer/SDKs/MacOSX10.13.sdk' '-v' '-o' 'cmTC_c128e' '-mmacosx-version-min=10.13.4' '-asm_macosx_version_min=10.13' '-shared-libgcc' '-mtune=core2']
  link line: [ /usr/local/Cellar/gcc/7.3.0/libexec/gcc/x86_64-apple-darwin17.4.0/7.3.0/collect2 -dynamic -arch x86_64 -macosx_version_min 10.13.4 -syslibroot /Applications/Xcode.app/Contents/Developer/Platforms/MacOSX.platform/Developer/SDKs/MacOSX10.13.sdk -weak_reference_mismatches non-weak -o cmTC_c128e -L/usr/local/Cellar/gcc/7.3.0/lib/gcc/7/gcc/x86_64-apple-darwin17.4.0/7.3.0 -L/usr/local/Cellar/gcc/7.3.0/lib/gcc/7/gcc/x86_64-apple-darwin17.4.0/7.3.0/../../.. -search_paths_first -headerpad_max_install_names -v CMakeFiles/cmTC_c128e.dir/CMakeCXXCompilerABI.cpp.o -lstdc++ -no_compact_unwind -lSystem -lgcc_ext.10.5 -lgcc -lSystem -v]
    arg [/usr/local/Cellar/gcc/7.3.0/libexec/gcc/x86_64-apple-darwin17.4.0/7.3.0/collect2] ==> ignore
    arg [-dynamic] ==> ignore
    arg [-arch] ==> ignore
    arg [x86_64] ==> ignore
    arg [-macosx_version_min] ==> ignore
    arg [10.13.4] ==> ignore
    arg [-syslibroot] ==> ignore
    arg [/Applications/Xcode.app/Contents/Developer/Platforms/MacOSX.platform/Developer/SDKs/MacOSX10.13.sdk] ==> ignore
    arg [-weak_reference_mismatches] ==> ignore
    arg [non-weak] ==> ignore
    arg [-o] ==> ignore
    arg [cmTC_c128e] ==> ignore
    arg [-L/usr/local/Cellar/gcc/7.3.0/lib/gcc/7/gcc/x86_64-apple-darwin17.4.0/7.3.0] ==> dir [/usr/local/Cellar/gcc/7.3.0/lib/gcc/7/gcc/x86_64-apple-darwin17.4.0/7.3.0]
    arg [-L/usr/local/Cellar/gcc/7.3.0/lib/gcc/7/gcc/x86_64-apple-darwin17.4.0/7.3.0/../../..] ==> dir [/usr/local/Cellar/gcc/7.3.0/lib/gcc/7/gcc/x86_64-apple-darwin17.4.0/7.3.0/../../..]
    arg [-search_paths_first] ==> ignore
    arg [-headerpad_max_install_names] ==> ignore
    arg [-v] ==> ignore
    arg [CMakeFiles/cmTC_c128e.dir/CMakeCXXCompilerABI.cpp.o] ==> ignore
    arg [-lstdc++] ==> lib [stdc++]
    arg [-no_compact_unwind] ==> ignore
    arg [-lSystem] ==> lib [System]
    arg [-lgcc_ext.10.5] ==> lib [gcc_ext.10.5]
    arg [-lgcc] ==> lib [gcc]
    arg [-lSystem] ==> lib [System]
    arg [-v] ==> ignore
  Library search paths: [;/usr/local/Cellar/gcc/7.3.0/lib/gcc/7/gcc/x86_64-apple-darwin17.4.0/7.3.0;/usr/local/Cellar/gcc/7.3.0/lib/gcc/7;/Applications/Xcode.app/Contents/Developer/Platforms/MacOSX.platform/Developer/SDKs/MacOSX10.13.sdk/usr/lib]
  Framework search paths: [;/Applications/Xcode.app/Contents/Developer/Platforms/MacOSX.platform/Developer/SDKs/MacOSX10.13.sdk/System/Library/Frameworks/]
  remove lib [System]
  remove lib [System]
  collapse library dir [/usr/local/Cellar/gcc/7.3.0/lib/gcc/7/gcc/x86_64-apple-darwin17.4.0/7.3.0] ==> [/usr/local/Cellar/gcc/7.3.0/lib/gcc/7/gcc/x86_64-apple-darwin17.4.0/7.3.0]
  collapse library dir [/usr/local/Cellar/gcc/7.3.0/lib/gcc/7/gcc/x86_64-apple-darwin17.4.0/7.3.0/../../..] ==> [/usr/local/Cellar/gcc/7.3.0/lib/gcc/7]
  collapse library dir [/usr/local/Cellar/gcc/7.3.0/lib/gcc/7/gcc/x86_64-apple-darwin17.4.0/7.3.0] ==> [/usr/local/Cellar/gcc/7.3.0/lib/gcc/7/gcc/x86_64-apple-darwin17.4.0/7.3.0]
  collapse library dir [/usr/local/Cellar/gcc/7.3.0/lib/gcc/7] ==> [/usr/local/Cellar/gcc/7.3.0/lib/gcc/7]
  collapse library dir [/Applications/Xcode.app/Contents/Developer/Platforms/MacOSX.platform/Developer/SDKs/MacOSX10.13.sdk/usr/lib] ==> [/Applications/Xcode.app/Contents/Developer/Platforms/MacOSX.platform/Developer/SDKs/MacOSX10.13.sdk/usr/lib]
  collapse framework dir [/Applications/Xcode.app/Contents/Developer/Platforms/MacOSX.platform/Developer/SDKs/MacOSX10.13.sdk/System/Library/Frameworks/] ==> [/Applications/Xcode.app/Contents/Developer/Platforms/MacOSX.platform/Developer/SDKs/MacOSX10.13.sdk/System/Library/Frameworks]
  implicit libs: [stdc++;gcc_ext.10.5;gcc]
  implicit dirs: [/usr/local/Cellar/gcc/7.3.0/lib/gcc/7/gcc/x86_64-apple-darwin17.4.0/7.3.0;/usr/local/Cellar/gcc/7.3.0/lib/gcc/7;/Applications/Xcode.app/Contents/Developer/Platforms/MacOSX.platform/Developer/SDKs/MacOSX10.13.sdk/usr/lib]
  implicit fwks: [/Applications/Xcode.app/Contents/Developer/Platforms/MacOSX.platform/Developer/SDKs/MacOSX10.13.sdk/System/Library/Frameworks]




Detecting CXX [-std=c++1z] compiler features compiled with the following output:
Change Dir: /Users/hongxiangqiu/Dropbox (Qiu & Wu)/Harvard/cs205/CS205-project/DeepFlow_parallel/cmake-build-debug/CMakeFiles/CMakeTmp

Run Build Command:"/usr/bin/make" "cmTC_e2f01/fast"
/Applications/Xcode.app/Contents/Developer/usr/bin/make -f CMakeFiles/cmTC_e2f01.dir/build.make CMakeFiles/cmTC_e2f01.dir/build
Building CXX object CMakeFiles/cmTC_e2f01.dir/feature_tests.cxx.o
/usr/local/bin/g++-7    -isysroot /Applications/Xcode.app/Contents/Developer/Platforms/MacOSX.platform/Developer/SDKs/MacOSX10.13.sdk   -std=c++1z -o CMakeFiles/cmTC_e2f01.dir/feature_tests.cxx.o -c "/Users/hongxiangqiu/Dropbox (Qiu & Wu)/Harvard/cs205/CS205-project/DeepFlow_parallel/cmake-build-debug/CMakeFiles/feature_tests.cxx"
Linking CXX executable cmTC_e2f01
"/Users/hongxiangqiu/Library/Application Support/JetBrains/Toolbox/apps/CLion/ch-0/181.4203.549/CLion.app/Contents/bin/cmake/bin/cmake" -E cmake_link_script CMakeFiles/cmTC_e2f01.dir/link.txt --verbose=1
/usr/local/bin/g++-7    -isysroot /Applications/Xcode.app/Contents/Developer/Platforms/MacOSX.platform/Developer/SDKs/MacOSX10.13.sdk -Wl,-search_paths_first -Wl,-headerpad_max_install_names   CMakeFiles/cmTC_e2f01.dir/feature_tests.cxx.o  -o cmTC_e2f01 


    Feature record: CXX_FEATURE:1cxx_aggregate_default_initializers
    Feature record: CXX_FEATURE:1cxx_alias_templates
    Feature record: CXX_FEATURE:1cxx_alignas
    Feature record: CXX_FEATURE:1cxx_alignof
    Feature record: CXX_FEATURE:1cxx_attributes
    Feature record: CXX_FEATURE:1cxx_attribute_deprecated
    Feature record: CXX_FEATURE:1cxx_auto_type
    Feature record: CXX_FEATURE:1cxx_binary_literals
    Feature record: CXX_FEATURE:1cxx_constexpr
    Feature record: CXX_FEATURE:1cxx_contextual_conversions
    Feature record: CXX_FEATURE:1cxx_decltype
    Feature record: CXX_FEATURE:1cxx_decltype_auto
    Feature record: CXX_FEATURE:1cxx_decltype_incomplete_return_types
    Feature record: CXX_FEATURE:1cxx_default_function_template_args
    Feature record: CXX_FEATURE:1cxx_defaulted_functions
    Feature record: CXX_FEATURE:1cxx_defaulted_move_initializers
    Feature record: CXX_FEATURE:1cxx_delegating_constructors
    Feature record: CXX_FEATURE:1cxx_deleted_functions
    Feature record: CXX_FEATURE:1cxx_digit_separators
    Feature record: CXX_FEATURE:1cxx_enum_forward_declarations
    Feature record: CXX_FEATURE:1cxx_explicit_conversions
    Feature record: CXX_FEATURE:1cxx_extended_friend_declarations
    Feature record: CXX_FEATURE:1cxx_extern_templates
    Feature record: CXX_FEATURE:1cxx_final
    Feature record: CXX_FEATURE:1cxx_func_identifier
    Feature record: CXX_FEATURE:1cxx_generalized_initializers
    Feature record: CXX_FEATURE:1cxx_generic_lambdas
    Feature record: CXX_FEATURE:1cxx_inheriting_constructors
    Feature record: CXX_FEATURE:1cxx_inline_namespaces
    Feature record: CXX_FEATURE:1cxx_lambdas
    Feature record: CXX_FEATURE:1cxx_lambda_init_captures
    Feature record: CXX_FEATURE:1cxx_local_type_template_args
    Feature record: CXX_FEATURE:1cxx_long_long_type
    Feature record: CXX_FEATURE:1cxx_noexcept
    Feature record: CXX_FEATURE:1cxx_nonstatic_member_init
    Feature record: CXX_FEATURE:1cxx_nullptr
    Feature record: CXX_FEATURE:1cxx_override
    Feature record: CXX_FEATURE:1cxx_range_for
    Feature record: CXX_FEATURE:1cxx_raw_string_literals
    Feature record: CXX_FEATURE:1cxx_reference_qualified_functions
    Feature record: CXX_FEATURE:1cxx_relaxed_constexpr
    Feature record: CXX_FEATURE:1cxx_return_type_deduction
    Feature record: CXX_FEATURE:1cxx_right_angle_brackets
    Feature record: CXX_FEATURE:1cxx_rvalue_references
    Feature record: CXX_FEATURE:1cxx_sizeof_member
    Feature record: CXX_FEATURE:1cxx_static_assert
    Feature record: CXX_FEATURE:1cxx_strong_enums
    Feature record: CXX_FEATURE:1cxx_template_template_parameters
    Feature record: CXX_FEATURE:1cxx_thread_local
    Feature record: CXX_FEATURE:1cxx_trailing_return_types
    Feature record: CXX_FEATURE:1cxx_unicode_literals
    Feature record: CXX_FEATURE:1cxx_uniform_initialization
    Feature record: CXX_FEATURE:1cxx_unrestricted_unions
    Feature record: CXX_FEATURE:1cxx_user_literals
    Feature record: CXX_FEATURE:1cxx_variable_templates
    Feature record: CXX_FEATURE:1cxx_variadic_macros
    Feature record: CXX_FEATURE:1cxx_variadic_templates


Detecting CXX [-std=c++14] compiler features compiled with the following output:
Change Dir: /Users/hongxiangqiu/Dropbox (Qiu & Wu)/Harvard/cs205/CS205-project/DeepFlow_parallel/cmake-build-debug/CMakeFiles/CMakeTmp

Run Build Command:"/usr/bin/make" "cmTC_ba401/fast"
/Applications/Xcode.app/Contents/Developer/usr/bin/make -f CMakeFiles/cmTC_ba401.dir/build.make CMakeFiles/cmTC_ba401.dir/build
Building CXX object CMakeFiles/cmTC_ba401.dir/feature_tests.cxx.o
/usr/local/bin/g++-7    -isysroot /Applications/Xcode.app/Contents/Developer/Platforms/MacOSX.platform/Developer/SDKs/MacOSX10.13.sdk   -std=c++14 -o CMakeFiles/cmTC_ba401.dir/feature_tests.cxx.o -c "/Users/hongxiangqiu/Dropbox (Qiu & Wu)/Harvard/cs205/CS205-project/DeepFlow_parallel/cmake-build-debug/CMakeFiles/feature_tests.cxx"
Linking CXX executable cmTC_ba401
"/Users/hongxiangqiu/Library/Application Support/JetBrains/Toolbox/apps/CLion/ch-0/181.4203.549/CLion.app/Contents/bin/cmake/bin/cmake" -E cmake_link_script CMakeFiles/cmTC_ba401.dir/link.txt --verbose=1
/usr/local/bin/g++-7    -isysroot /Applications/Xcode.app/Contents/Developer/Platforms/MacOSX.platform/Developer/SDKs/MacOSX10.13.sdk -Wl,-search_paths_first -Wl,-headerpad_max_install_names   CMakeFiles/cmTC_ba401.dir/feature_tests.cxx.o  -o cmTC_ba401 


    Feature record: CXX_FEATURE:1cxx_aggregate_default_initializers
    Feature record: CXX_FEATURE:1cxx_alias_templates
    Feature record: CXX_FEATURE:1cxx_alignas
    Feature record: CXX_FEATURE:1cxx_alignof
    Feature record: CXX_FEATURE:1cxx_attributes
    Feature record: CXX_FEATURE:1cxx_attribute_deprecated
    Feature record: CXX_FEATURE:1cxx_auto_type
    Feature record: CXX_FEATURE:1cxx_binary_literals
    Feature record: CXX_FEATURE:1cxx_constexpr
    Feature record: CXX_FEATURE:1cxx_contextual_conversions
    Feature record: CXX_FEATURE:1cxx_decltype
    Feature record: CXX_FEATURE:1cxx_decltype_auto
    Feature record: CXX_FEATURE:1cxx_decltype_incomplete_return_types
    Feature record: CXX_FEATURE:1cxx_default_function_template_args
    Feature record: CXX_FEATURE:1cxx_defaulted_functions
    Feature record: CXX_FEATURE:1cxx_defaulted_move_initializers
    Feature record: CXX_FEATURE:1cxx_delegating_constructors
    Feature record: CXX_FEATURE:1cxx_deleted_functions
    Feature record: CXX_FEATURE:1cxx_digit_separators
    Feature record: CXX_FEATURE:1cxx_enum_forward_declarations
    Feature record: CXX_FEATURE:1cxx_explicit_conversions
    Feature record: CXX_FEATURE:1cxx_extended_friend_declarations
    Feature record: CXX_FEATURE:1cxx_extern_templates
    Feature record: CXX_FEATURE:1cxx_final
    Feature record: CXX_FEATURE:1cxx_func_identifier
    Feature record: CXX_FEATURE:1cxx_generalized_initializers
    Feature record: CXX_FEATURE:1cxx_generic_lambdas
    Feature record: CXX_FEATURE:1cxx_inheriting_constructors
    Feature record: CXX_FEATURE:1cxx_inline_namespaces
    Feature record: CXX_FEATURE:1cxx_lambdas
    Feature record: CXX_FEATURE:1cxx_lambda_init_captures
    Feature record: CXX_FEATURE:1cxx_local_type_template_args
    Feature record: CXX_FEATURE:1cxx_long_long_type
    Feature record: CXX_FEATURE:1cxx_noexcept
    Feature record: CXX_FEATURE:1cxx_nonstatic_member_init
    Feature record: CXX_FEATURE:1cxx_nullptr
    Feature record: CXX_FEATURE:1cxx_override
    Feature record: CXX_FEATURE:1cxx_range_for
    Feature record: CXX_FEATURE:1cxx_raw_string_literals
    Feature record: CXX_FEATURE:1cxx_reference_qualified_functions
    Feature record: CXX_FEATURE:1cxx_relaxed_constexpr
    Feature record: CXX_FEATURE:1cxx_return_type_deduction
    Feature record: CXX_FEATURE:1cxx_right_angle_brackets
    Feature record: CXX_FEATURE:1cxx_rvalue_references
    Feature record: CXX_FEATURE:1cxx_sizeof_member
    Feature record: CXX_FEATURE:1cxx_static_assert
    Feature record: CXX_FEATURE:1cxx_strong_enums
    Feature record: CXX_FEATURE:1cxx_template_template_parameters
    Feature record: CXX_FEATURE:1cxx_thread_local
    Feature record: CXX_FEATURE:1cxx_trailing_return_types
    Feature record: CXX_FEATURE:1cxx_unicode_literals
    Feature record: CXX_FEATURE:1cxx_uniform_initialization
    Feature record: CXX_FEATURE:1cxx_unrestricted_unions
    Feature record: CXX_FEATURE:1cxx_user_literals
    Feature record: CXX_FEATURE:1cxx_variable_templates
    Feature record: CXX_FEATURE:1cxx_variadic_macros
    Feature record: CXX_FEATURE:1cxx_variadic_templates


Detecting CXX [-std=c++11] compiler features compiled with the following output:
Change Dir: /Users/hongxiangqiu/Dropbox (Qiu & Wu)/Harvard/cs205/CS205-project/DeepFlow_parallel/cmake-build-debug/CMakeFiles/CMakeTmp

Run Build Command:"/usr/bin/make" "cmTC_25929/fast"
/Applications/Xcode.app/Contents/Developer/usr/bin/make -f CMakeFiles/cmTC_25929.dir/build.make CMakeFiles/cmTC_25929.dir/build
Building CXX object CMakeFiles/cmTC_25929.dir/feature_tests.cxx.o
/usr/local/bin/g++-7    -isysroot /Applications/Xcode.app/Contents/Developer/Platforms/MacOSX.platform/Developer/SDKs/MacOSX10.13.sdk   -std=c++11 -o CMakeFiles/cmTC_25929.dir/feature_tests.cxx.o -c "/Users/hongxiangqiu/Dropbox (Qiu & Wu)/Harvard/cs205/CS205-project/DeepFlow_parallel/cmake-build-debug/CMakeFiles/feature_tests.cxx"
Linking CXX executable cmTC_25929
"/Users/hongxiangqiu/Library/Application Support/JetBrains/Toolbox/apps/CLion/ch-0/181.4203.549/CLion.app/Contents/bin/cmake/bin/cmake" -E cmake_link_script CMakeFiles/cmTC_25929.dir/link.txt --verbose=1
/usr/local/bin/g++-7    -isysroot /Applications/Xcode.app/Contents/Developer/Platforms/MacOSX.platform/Developer/SDKs/MacOSX10.13.sdk -Wl,-search_paths_first -Wl,-headerpad_max_install_names   CMakeFiles/cmTC_25929.dir/feature_tests.cxx.o  -o cmTC_25929 


    Feature record: CXX_FEATURE:0cxx_aggregate_default_initializers
    Feature record: CXX_FEATURE:1cxx_alias_templates
    Feature record: CXX_FEATURE:1cxx_alignas
    Feature record: CXX_FEATURE:1cxx_alignof
    Feature record: CXX_FEATURE:1cxx_attributes
    Feature record: CXX_FEATURE:0cxx_attribute_deprecated
    Feature record: CXX_FEATURE:1cxx_auto_type
    Feature record: CXX_FEATURE:0cxx_binary_literals
    Feature record: CXX_FEATURE:1cxx_constexpr
    Feature record: CXX_FEATURE:0cxx_contextual_conversions
    Feature record: CXX_FEATURE:1cxx_decltype
    Feature record: CXX_FEATURE:0cxx_decltype_auto
    Feature record: CXX_FEATURE:1cxx_decltype_incomplete_return_types
    Feature record: CXX_FEATURE:1cxx_default_function_template_args
    Feature record: CXX_FEATURE:1cxx_defaulted_functions
    Feature record: CXX_FEATURE:1cxx_defaulted_move_initializers
    Feature record: CXX_FEATURE:1cxx_delegating_constructors
    Feature record: CXX_FEATURE:1cxx_deleted_functions
    Feature record: CXX_FEATURE:0cxx_digit_separators
    Feature record: CXX_FEATURE:1cxx_enum_forward_declarations
    Feature record: CXX_FEATURE:1cxx_explicit_conversions
    Feature record: CXX_FEATURE:1cxx_extended_friend_declarations
    Feature record: CXX_FEATURE:1cxx_extern_templates
    Feature record: CXX_FEATURE:1cxx_final
    Feature record: CXX_FEATURE:1cxx_func_identifier
    Feature record: CXX_FEATURE:1cxx_generalized_initializers
    Feature record: CXX_FEATURE:0cxx_generic_lambdas
    Feature record: CXX_FEATURE:1cxx_inheriting_constructors
    Feature record: CXX_FEATURE:1cxx_inline_namespaces
    Feature record: CXX_FEATURE:1cxx_lambdas
    Feature record: CXX_FEATURE:0cxx_lambda_init_captures
    Feature record: CXX_FEATURE:1cxx_local_type_template_args
    Feature record: CXX_FEATURE:1cxx_long_long_type
    Feature record: CXX_FEATURE:1cxx_noexcept
    Feature record: CXX_FEATURE:1cxx_nonstatic_member_init
    Feature record: CXX_FEATURE:1cxx_nullptr
    Feature record: CXX_FEATURE:1cxx_override
    Feature record: CXX_FEATURE:1cxx_range_for
    Feature record: CXX_FEATURE:1cxx_raw_string_literals
    Feature record: CXX_FEATURE:1cxx_reference_qualified_functions
    Feature record: CXX_FEATURE:0cxx_relaxed_constexpr
    Feature record: CXX_FEATURE:0cxx_return_type_deduction
    Feature record: CXX_FEATURE:1cxx_right_angle_brackets
    Feature record: CXX_FEATURE:1cxx_rvalue_references
    Feature record: CXX_FEATURE:1cxx_sizeof_member
    Feature record: CXX_FEATURE:1cxx_static_assert
    Feature record: CXX_FEATURE:1cxx_strong_enums
    Feature record: CXX_FEATURE:1cxx_template_template_parameters
    Feature record: CXX_FEATURE:1cxx_thread_local
    Feature record: CXX_FEATURE:1cxx_trailing_return_types
    Feature record: CXX_FEATURE:1cxx_unicode_literals
    Feature record: CXX_FEATURE:1cxx_uniform_initialization
    Feature record: CXX_FEATURE:1cxx_unrestricted_unions
    Feature record: CXX_FEATURE:1cxx_user_literals
    Feature record: CXX_FEATURE:0cxx_variable_templates
    Feature record: CXX_FEATURE:1cxx_variadic_macros
    Feature record: CXX_FEATURE:1cxx_variadic_templates


Detecting CXX [-std=c++98] compiler features compiled with the following output:
Change Dir: /Users/hongxiangqiu/Dropbox (Qiu & Wu)/Harvard/cs205/CS205-project/DeepFlow_parallel/cmake-build-debug/CMakeFiles/CMakeTmp

Run Build Command:"/usr/bin/make" "cmTC_0ebd9/fast"
/Applications/Xcode.app/Contents/Developer/usr/bin/make -f CMakeFiles/cmTC_0ebd9.dir/build.make CMakeFiles/cmTC_0ebd9.dir/build
Building CXX object CMakeFiles/cmTC_0ebd9.dir/feature_tests.cxx.o
/usr/local/bin/g++-7    -isysroot /Applications/Xcode.app/Contents/Developer/Platforms/MacOSX.platform/Developer/SDKs/MacOSX10.13.sdk   -std=c++98 -o CMakeFiles/cmTC_0ebd9.dir/feature_tests.cxx.o -c "/Users/hongxiangqiu/Dropbox (Qiu & Wu)/Harvard/cs205/CS205-project/DeepFlow_parallel/cmake-build-debug/CMakeFiles/feature_tests.cxx"
Linking CXX executable cmTC_0ebd9
"/Users/hongxiangqiu/Library/Application Support/JetBrains/Toolbox/apps/CLion/ch-0/181.4203.549/CLion.app/Contents/bin/cmake/bin/cmake" -E cmake_link_script CMakeFiles/cmTC_0ebd9.dir/link.txt --verbose=1
/usr/local/bin/g++-7    -isysroot /Applications/Xcode.app/Contents/Developer/Platforms/MacOSX.platform/Developer/SDKs/MacOSX10.13.sdk -Wl,-search_paths_first -Wl,-headerpad_max_install_names   CMakeFiles/cmTC_0ebd9.dir/feature_tests.cxx.o  -o cmTC_0ebd9 


    Feature record: CXX_FEATURE:0cxx_aggregate_default_initializers
    Feature record: CXX_FEATURE:0cxx_alias_templates
    Feature record: CXX_FEATURE:0cxx_alignas
    Feature record: CXX_FEATURE:0cxx_alignof
    Feature record: CXX_FEATURE:0cxx_attributes
    Feature record: CXX_FEATURE:0cxx_attribute_deprecated
    Feature record: CXX_FEATURE:0cxx_auto_type
    Feature record: CXX_FEATURE:0cxx_binary_literals
    Feature record: CXX_FEATURE:0cxx_constexpr
    Feature record: CXX_FEATURE:0cxx_contextual_conversions
    Feature record: CXX_FEATURE:0cxx_decltype
    Feature record: CXX_FEATURE:0cxx_decltype_auto
    Feature record: CXX_FEATURE:0cxx_decltype_incomplete_return_types
    Feature record: CXX_FEATURE:0cxx_default_function_template_args
    Feature record: CXX_FEATURE:0cxx_defaulted_functions
    Feature record: CXX_FEATURE:0cxx_defaulted_move_initializers
    Feature record: CXX_FEATURE:0cxx_delegating_constructors
    Feature record: CXX_FEATURE:0cxx_deleted_functions
    Feature record: CXX_FEATURE:0cxx_digit_separators
    Feature record: CXX_FEATURE:0cxx_enum_forward_declarations
    Feature record: CXX_FEATURE:0cxx_explicit_conversions
    Feature record: CXX_FEATURE:0cxx_extended_friend_declarations
    Feature record: CXX_FEATURE:0cxx_extern_templates
    Feature record: CXX_FEATURE:0cxx_final
    Feature record: CXX_FEATURE:0cxx_func_identifier
    Feature record: CXX_FEATURE:0cxx_generalized_initializers
    Feature record: CXX_FEATURE:0cxx_generic_lambdas
    Feature record: CXX_FEATURE:0cxx_inheriting_constructors
    Feature record: CXX_FEATURE:0cxx_inline_namespaces
    Feature record: CXX_FEATURE:0cxx_lambdas
    Feature record: CXX_FEATURE:0cxx_lambda_init_captures
    Feature record: CXX_FEATURE:0cxx_local_type_template_args
    Feature record: CXX_FEATURE:0cxx_long_long_type
    Feature record: CXX_FEATURE:0cxx_noexcept
    Feature record: CXX_FEATURE:0cxx_nonstatic_member_init
    Feature record: CXX_FEATURE:0cxx_nullptr
    Feature record: CXX_FEATURE:0cxx_override
    Feature record: CXX_FEATURE:0cxx_range_for
    Feature record: CXX_FEATURE:0cxx_raw_string_literals
    Feature record: CXX_FEATURE:0cxx_reference_qualified_functions
    Feature record: CXX_FEATURE:0cxx_relaxed_constexpr
    Feature record: CXX_FEATURE:0cxx_return_type_deduction
    Feature record: CXX_FEATURE:0cxx_right_angle_brackets
    Feature record: CXX_FEATURE:0cxx_rvalue_references
    Feature record: CXX_FEATURE:0cxx_sizeof_member
    Feature record: CXX_FEATURE:0cxx_static_assert
    Feature record: CXX_FEATURE:0cxx_strong_enums
    Feature record: CXX_FEATURE:1cxx_template_template_parameters
    Feature record: CXX_FEATURE:0cxx_thread_local
    Feature record: CXX_FEATURE:0cxx_trailing_return_types
    Feature record: CXX_FEATURE:0cxx_unicode_literals
    Feature record: CXX_FEATURE:0cxx_uniform_initialization
    Feature record: CXX_FEATURE:0cxx_unrestricted_unions
    Feature record: CXX_FEATURE:0cxx_user_literals
    Feature record: CXX_FEATURE:0cxx_variable_templates
    Feature record: CXX_FEATURE:0cxx_variadic_macros
    Feature record: CXX_FEATURE:0cxx_variadic_templates
